<?xml version="1.0" encoding="UTF-8"?>
<!-- Generated by org.testng.reporters.JUnitXMLReporter -->
<testsuite hostname="USBLRPPUNDHIR3" ignored="5" tests="0" failures="0" timestamp="24 Sep 2020 11:08:19 GMT" time="0.006" errors="0">
  <testcase name="random3" time="0.0" classname="testing.Test2">
    <ignored/>
  </testcase> <!-- random3 -->
  <testcase name="random5" time="0.0" classname="testing.Test2">
    <ignored/>
  </testcase> <!-- random5 -->
  <testcase name="random4" time="0.0" classname="testing.Test2">
    <ignored/>
  </testcase> <!-- random4 -->
  <testcase name="random" time="0.0" classname="testing.Test1">
    <ignored/>
  </testcase> <!-- random -->
  <testcase name="random2" time="0.0" classname="testing.Test1">
    <ignored/>
  </testcase> <!-- random2 -->
</testsuite>
