<?xml version="1.0" encoding="UTF-8"?>
<!-- Generated by org.testng.reporters.JUnitXMLReporter -->
<testsuite hostname="USBLRPPUNDHIR3" ignored="0" name="Second screen" tests="4" failures="0" timestamp="24 Sep 2020 11:08:19 GMT" time="0.055" errors="0">
  <testcase name="random7" time="0.015" classname="testing.Test4"/>
  <testcase name="random8" time="0.002" classname="testing.Test4"/>
  <testcase name="random5" time="0.002" classname="testing.Test3"/>
  <testcase name="random6" time="0.002" classname="testing.Test3"/>
</testsuite> <!-- Second screen -->
